2021-05-03 01:46:22,774 INFO o.a.j.u.JMeterUtils: Setting Locale to en_EN
2021-05-03 01:46:22,788 INFO o.a.j.JMeter: Loading user properties from: /opt/jmeter/bin/user.properties
2021-05-03 01:46:22,789 INFO o.a.j.JMeter: Loading system properties from: /opt/jmeter/bin/system.properties
2021-05-03 01:46:22,796 INFO o.a.j.JMeter: Copyright (c) 1998-2021 The Apache Software Foundation
2021-05-03 01:46:22,796 INFO o.a.j.JMeter: Version 5.4.1
2021-05-03 01:46:22,796 INFO o.a.j.JMeter: java.version=1.8.0_292
2021-05-03 01:46:22,797 INFO o.a.j.JMeter: java.vm.name=OpenJDK 64-Bit Server VM
2021-05-03 01:46:22,797 INFO o.a.j.JMeter: os.name=Linux
2021-05-03 01:46:22,797 INFO o.a.j.JMeter: os.arch=amd64
2021-05-03 01:46:22,797 INFO o.a.j.JMeter: os.version=5.11.16-arch1-1
2021-05-03 01:46:22,797 INFO o.a.j.JMeter: file.encoding=UTF-8
2021-05-03 01:46:22,797 INFO o.a.j.JMeter: java.awt.headless=null
2021-05-03 01:46:22,797 INFO o.a.j.JMeter: Max memory     =1073741824
2021-05-03 01:46:22,797 INFO o.a.j.JMeter: Available Processors =8
2021-05-03 01:46:22,801 INFO o.a.j.JMeter: Default Locale=English (EN)
2021-05-03 01:46:22,802 INFO o.a.j.JMeter: JMeter  Locale=English (EN)
2021-05-03 01:46:22,802 INFO o.a.j.JMeter: JMeterHome=/opt/jmeter
2021-05-03 01:46:22,802 INFO o.a.j.JMeter: user.dir  =/home/salvoroni/tpo/lab3
2021-05-03 01:46:22,803 INFO o.a.j.JMeter: PWD       =/home/salvoroni/tpo/lab3
2021-05-03 01:46:22,803 INFO o.a.j.JMeter: IP: 127.0.0.1 Name: salvoroni FullName: salvoroni
2021-05-03 01:46:22,890 INFO o.a.j.JMeter: Setting LAF to: com.github.weisj.darklaf.DarkLaf:com.github.weisj.darklaf.theme.DarculaTheme
2021-05-03 01:46:23,177 INFO o.a.j.JMeter: Loaded icon properties from org/apache/jmeter/images/icon.properties
2021-05-03 02:03:12,991 INFO o.a.j.p.h.s.HTTPSamplerBase: Parser for text/html is org.apache.jmeter.protocol.http.parser.LagartoBasedHtmlParser
2021-05-03 02:03:12,993 INFO o.a.j.p.h.s.HTTPSamplerBase: Parser for application/xhtml+xml is org.apache.jmeter.protocol.http.parser.LagartoBasedHtmlParser
2021-05-03 02:03:12,993 INFO o.a.j.p.h.s.HTTPSamplerBase: Parser for application/xml is org.apache.jmeter.protocol.http.parser.LagartoBasedHtmlParser
2021-05-03 02:03:12,993 INFO o.a.j.p.h.s.HTTPSamplerBase: Parser for text/xml is org.apache.jmeter.protocol.http.parser.LagartoBasedHtmlParser
2021-05-03 02:03:12,993 INFO o.a.j.p.h.s.HTTPSamplerBase: Parser for text/vnd.wap.wml is org.apache.jmeter.protocol.http.parser.RegexpHTMLParser
2021-05-03 02:03:12,994 INFO o.a.j.p.h.s.HTTPSamplerBase: Parser for text/css is org.apache.jmeter.protocol.http.parser.CssParser
2021-05-03 02:06:28,778 INFO o.a.j.s.FileServer: Default base='/home/salvoroni/tpo/lab3'
2021-05-03 02:06:28,779 INFO o.a.j.s.FileServer: Set new base='/home/salvoroni/tpo/lab4'
2021-05-03 02:06:28,912 INFO o.a.j.s.SaveService: Testplan (JMX) version: 2.2. Testlog (JTL) version: 2.2
2021-05-03 02:06:28,922 INFO o.a.j.s.SaveService: Using SaveService properties file encoding UTF-8
2021-05-03 02:06:28,923 INFO o.a.j.s.SaveService: Using SaveService properties version 5.0
2021-05-03 02:06:28,941 INFO o.a.j.e.StandardJMeterEngine: Running the test!
2021-05-03 02:06:28,942 INFO o.a.j.s.SampleEvent: List of sample_variables: []
2021-05-03 02:06:28,942 INFO o.a.j.s.SampleEvent: List of sample_variables: []
2021-05-03 02:06:28,943 INFO o.a.j.e.u.CompoundVariable: Note: Function class names must contain the string: '.functions.'
2021-05-03 02:06:28,943 INFO o.a.j.e.u.CompoundVariable: Note: Function class names must not contain the string: '.gui.'
2021-05-03 02:06:29,211 INFO o.a.j.g.u.JMeterMenuBar: setRunning(true, *local*)
2021-05-03 02:06:29,345 INFO o.a.j.e.StandardJMeterEngine: Starting ThreadGroup: 1 : Thread Group
2021-05-03 02:06:29,345 INFO o.a.j.e.StandardJMeterEngine: Starting 5 threads for group Thread Group.
2021-05-03 02:06:29,345 INFO o.a.j.e.StandardJMeterEngine: Thread will continue on error
2021-05-03 02:06:29,346 INFO o.a.j.t.ThreadGroup: Starting thread group... number=1 threads=5 ramp-up=0 delayedStart=false
2021-05-03 02:06:29,351 INFO o.a.j.t.JMeterThread: Thread started: Thread Group 1-3
2021-05-03 02:06:29,351 INFO o.a.j.t.JMeterThread: Thread started: Thread Group 1-2
2021-05-03 02:06:29,351 INFO o.a.j.t.JMeterThread: Thread started: Thread Group 1-1
2021-05-03 02:06:29,351 INFO o.a.j.t.ThreadGroup: Started thread group number 1
2021-05-03 02:06:29,357 INFO o.a.j.e.StandardJMeterEngine: All thread groups have been started
2021-05-03 02:06:29,357 INFO o.a.j.t.JMeterThread: Thread started: Thread Group 1-4
2021-05-03 02:06:29,357 INFO o.a.j.t.JMeterThread: Thread started: Thread Group 1-5
2021-05-03 02:06:29,361 INFO o.a.j.s.SampleResult: Note: Sample TimeStamps are START times
2021-05-03 02:06:29,361 INFO o.a.j.s.SampleResult: sampleresult.default.encoding is set to ISO-8859-1
2021-05-03 02:06:29,362 INFO o.a.j.s.SampleResult: sampleresult.useNanoTime=true
2021-05-03 02:06:29,362 INFO o.a.j.s.SampleResult: sampleresult.nanoThreadSleep=5000
2021-05-03 02:06:29,364 INFO o.a.j.t.JMeterThread: Thread is done: Thread Group 1-4
2021-05-03 02:06:29,364 INFO o.a.j.t.JMeterThread: Thread is done: Thread Group 1-3
2021-05-03 02:06:29,364 INFO o.a.j.t.JMeterThread: Thread is done: Thread Group 1-5
2021-05-03 02:06:29,364 INFO o.a.j.t.JMeterThread: Thread is done: Thread Group 1-1
2021-05-03 02:06:29,364 INFO o.a.j.t.JMeterThread: Thread finished: Thread Group 1-3
2021-05-03 02:06:29,364 INFO o.a.j.t.JMeterThread: Thread finished: Thread Group 1-1
2021-05-03 02:06:29,364 INFO o.a.j.t.JMeterThread: Thread is done: Thread Group 1-2
2021-05-03 02:06:29,364 INFO o.a.j.t.JMeterThread: Thread finished: Thread Group 1-2
2021-05-03 02:06:29,364 INFO o.a.j.t.JMeterThread: Thread finished: Thread Group 1-4
2021-05-03 02:06:29,364 INFO o.a.j.t.JMeterThread: Thread finished: Thread Group 1-5
2021-05-03 02:06:29,365 INFO o.a.j.e.StandardJMeterEngine: Notifying test listeners of end of test
2021-05-03 02:06:29,366 INFO o.a.j.g.u.JMeterMenuBar: setRunning(false, *local*)
2021-05-03 02:06:32,224 INFO o.a.j.e.StandardJMeterEngine: Running the test!
2021-05-03 02:06:32,225 INFO o.a.j.s.SampleEvent: List of sample_variables: []
2021-05-03 02:06:32,226 INFO o.a.j.g.u.JMeterMenuBar: setRunning(true, *local*)
2021-05-03 02:06:32,302 INFO o.a.j.e.StandardJMeterEngine: Starting ThreadGroup: 1 : Thread Group
2021-05-03 02:06:32,302 INFO o.a.j.e.StandardJMeterEngine: Starting 5 threads for group Thread Group.
2021-05-03 02:06:32,302 INFO o.a.j.e.StandardJMeterEngine: Thread will continue on error
2021-05-03 02:06:32,302 INFO o.a.j.t.ThreadGroup: Starting thread group... number=1 threads=5 ramp-up=0 delayedStart=false
2021-05-03 02:06:32,303 INFO o.a.j.t.JMeterThread: Thread started: Thread Group 1-1
2021-05-03 02:06:32,303 INFO o.a.j.t.JMeterThread: Thread started: Thread Group 1-2
2021-05-03 02:06:32,304 INFO o.a.j.t.JMeterThread: Thread is done: Thread Group 1-1
2021-05-03 02:06:32,304 INFO o.a.j.t.JMeterThread: Thread finished: Thread Group 1-1
2021-05-03 02:06:32,304 INFO o.a.j.t.JMeterThread: Thread started: Thread Group 1-3
2021-05-03 02:06:32,304 INFO o.a.j.t.JMeterThread: Thread is done: Thread Group 1-2
2021-05-03 02:06:32,304 INFO o.a.j.t.JMeterThread: Thread finished: Thread Group 1-2
2021-05-03 02:06:32,304 INFO o.a.j.t.JMeterThread: Thread started: Thread Group 1-4
2021-05-03 02:06:32,304 INFO o.a.j.t.ThreadGroup: Started thread group number 1
2021-05-03 02:06:32,305 INFO o.a.j.e.StandardJMeterEngine: All thread groups have been started
2021-05-03 02:06:32,305 INFO o.a.j.t.JMeterThread: Thread started: Thread Group 1-5
2021-05-03 02:06:32,305 INFO o.a.j.t.JMeterThread: Thread is done: Thread Group 1-3
2021-05-03 02:06:32,305 INFO o.a.j.t.JMeterThread: Thread is done: Thread Group 1-4
2021-05-03 02:06:32,305 INFO o.a.j.t.JMeterThread: Thread finished: Thread Group 1-3
2021-05-03 02:06:32,305 INFO o.a.j.t.JMeterThread: Thread finished: Thread Group 1-4
2021-05-03 02:06:32,307 INFO o.a.j.t.JMeterThread: Thread is done: Thread Group 1-5
2021-05-03 02:06:32,307 INFO o.a.j.t.JMeterThread: Thread finished: Thread Group 1-5
2021-05-03 02:06:32,307 INFO o.a.j.e.StandardJMeterEngine: Notifying test listeners of end of test
2021-05-03 02:06:32,307 INFO o.a.j.g.u.JMeterMenuBar: setRunning(false, *local*)
2021-05-03 02:06:55,328 ERROR o.a.j.g.a.Save: Could not backup file! Backup directory does not exist, is not a directory or could not be created ! </opt/jmeter/backups>
2021-05-03 02:06:55,362 INFO o.a.j.e.StandardJMeterEngine: Running the test!
2021-05-03 02:06:55,363 INFO o.a.j.s.SampleEvent: List of sample_variables: []
2021-05-03 02:06:55,364 INFO o.a.j.g.u.JMeterMenuBar: setRunning(true, *local*)
2021-05-03 02:06:55,365 INFO o.a.j.e.StandardJMeterEngine: Starting ThreadGroup: 1 : Thread Group
2021-05-03 02:06:55,373 INFO o.a.j.e.StandardJMeterEngine: Starting 5 threads for group Thread Group.
2021-05-03 02:06:55,373 INFO o.a.j.e.StandardJMeterEngine: Thread will continue on error
2021-05-03 02:06:55,375 INFO o.a.j.t.ThreadGroup: Starting thread group... number=1 threads=5 ramp-up=0 delayedStart=false
2021-05-03 02:06:55,376 INFO o.a.j.t.JMeterThread: Thread started: Thread Group 1-1
2021-05-03 02:06:55,377 INFO o.a.j.t.JMeterThread: Thread started: Thread Group 1-2
2021-05-03 02:06:55,377 INFO o.a.j.t.JMeterThread: Thread started: Thread Group 1-3
2021-05-03 02:06:55,377 INFO o.a.j.t.JMeterThread: Thread started: Thread Group 1-4
2021-05-03 02:06:55,378 INFO o.a.j.t.ThreadGroup: Started thread group number 1
2021-05-03 02:06:55,378 INFO o.a.j.e.StandardJMeterEngine: All thread groups have been started
2021-05-03 02:06:55,378 INFO o.a.j.t.JMeterThread: Thread started: Thread Group 1-5
2021-05-03 02:06:55,379 INFO o.a.j.t.JMeterThread: Thread is done: Thread Group 1-1
2021-05-03 02:06:55,379 INFO o.a.j.t.JMeterThread: Thread is done: Thread Group 1-4
2021-05-03 02:06:55,379 INFO o.a.j.t.JMeterThread: Thread is done: Thread Group 1-3
2021-05-03 02:06:55,379 INFO o.a.j.t.JMeterThread: Thread is done: Thread Group 1-2
2021-05-03 02:06:55,379 INFO o.a.j.t.JMeterThread: Thread finished: Thread Group 1-1
2021-05-03 02:06:55,379 INFO o.a.j.t.JMeterThread: Thread finished: Thread Group 1-3
2021-05-03 02:06:55,379 INFO o.a.j.t.JMeterThread: Thread finished: Thread Group 1-4
2021-05-03 02:06:55,379 INFO o.a.j.t.JMeterThread: Thread finished: Thread Group 1-2
2021-05-03 02:06:55,380 INFO o.a.j.t.JMeterThread: Thread is done: Thread Group 1-5
2021-05-03 02:06:55,380 INFO o.a.j.t.JMeterThread: Thread finished: Thread Group 1-5
2021-05-03 02:06:55,380 INFO o.a.j.e.StandardJMeterEngine: Notifying test listeners of end of test
2021-05-03 02:06:55,381 INFO o.a.j.g.u.JMeterMenuBar: setRunning(false, *local*)
2021-05-03 02:07:19,377 ERROR o.a.j.g.a.Save: Could not backup file! Backup directory does not exist, is not a directory or could not be created ! </opt/jmeter/backups>
2021-05-03 02:07:19,385 INFO o.a.j.e.StandardJMeterEngine: Running the test!
2021-05-03 02:07:19,386 INFO o.a.j.s.SampleEvent: List of sample_variables: []
2021-05-03 02:07:19,387 INFO o.a.j.g.u.JMeterMenuBar: setRunning(true, *local*)
2021-05-03 02:07:19,460 INFO o.a.j.e.StandardJMeterEngine: Starting ThreadGroup: 1 : Thread Group
2021-05-03 02:07:19,461 INFO o.a.j.e.StandardJMeterEngine: Starting 5 threads for group Thread Group.
2021-05-03 02:07:19,461 INFO o.a.j.e.StandardJMeterEngine: Thread will continue on error
2021-05-03 02:07:19,461 INFO o.a.j.t.ThreadGroup: Starting thread group... number=1 threads=5 ramp-up=0 delayedStart=false
2021-05-03 02:07:19,461 INFO o.a.j.t.JMeterThread: Thread started: Thread Group 1-1
2021-05-03 02:07:19,461 INFO o.a.j.t.JMeterThread: Thread started: Thread Group 1-2
2021-05-03 02:07:19,462 INFO o.a.j.t.JMeterThread: Thread started: Thread Group 1-3
2021-05-03 02:07:19,462 INFO o.a.j.t.ThreadGroup: Started thread group number 1
2021-05-03 02:07:19,462 INFO o.a.j.e.StandardJMeterEngine: All thread groups have been started
2021-05-03 02:07:19,462 INFO o.a.j.t.JMeterThread: Thread started: Thread Group 1-4
2021-05-03 02:07:19,462 INFO o.a.j.t.JMeterThread: Thread started: Thread Group 1-5
2021-05-03 02:07:19,470 INFO o.a.j.p.h.s.HTTPHCAbstractImpl: Local host = salvoroni
2021-05-03 02:07:19,477 INFO o.a.j.p.h.s.HTTPHC4Impl: HTTP request retry count = 0
2021-05-03 02:07:19,572 INFO o.a.j.t.JMeterThread: Thread is done: Thread Group 1-5
2021-05-03 02:07:19,573 INFO o.a.j.t.JMeterThread: Thread is done: Thread Group 1-4
2021-05-03 02:07:19,573 INFO o.a.j.t.JMeterThread: Thread is done: Thread Group 1-3
2021-05-03 02:07:19,573 INFO o.a.j.t.JMeterThread: Thread finished: Thread Group 1-4
2021-05-03 02:07:19,573 INFO o.a.j.t.JMeterThread: Thread finished: Thread Group 1-3
2021-05-03 02:07:19,573 INFO o.a.j.t.JMeterThread: Thread is done: Thread Group 1-1
2021-05-03 02:07:19,573 INFO o.a.j.t.JMeterThread: Thread finished: Thread Group 1-1
2021-05-03 02:07:19,573 INFO o.a.j.t.JMeterThread: Thread is done: Thread Group 1-2
2021-05-03 02:07:19,573 INFO o.a.j.t.JMeterThread: Thread finished: Thread Group 1-5
2021-05-03 02:07:19,573 INFO o.a.j.t.JMeterThread: Thread finished: Thread Group 1-2
2021-05-03 02:07:19,574 INFO o.a.j.e.StandardJMeterEngine: Notifying test listeners of end of test
2021-05-03 02:07:19,574 INFO o.a.j.g.u.JMeterMenuBar: setRunning(false, *local*)
2021-05-03 02:07:23,029 INFO o.a.j.e.StandardJMeterEngine: Running the test!
2021-05-03 02:07:23,030 INFO o.a.j.s.SampleEvent: List of sample_variables: []
2021-05-03 02:07:23,030 INFO o.a.j.g.u.JMeterMenuBar: setRunning(true, *local*)
2021-05-03 02:07:23,107 INFO o.a.j.e.StandardJMeterEngine: Starting ThreadGroup: 1 : Thread Group
2021-05-03 02:07:23,107 INFO o.a.j.e.StandardJMeterEngine: Starting 5 threads for group Thread Group.
2021-05-03 02:07:23,107 INFO o.a.j.e.StandardJMeterEngine: Thread will continue on error
2021-05-03 02:07:23,107 INFO o.a.j.t.ThreadGroup: Starting thread group... number=1 threads=5 ramp-up=0 delayedStart=false
2021-05-03 02:07:23,108 INFO o.a.j.t.JMeterThread: Thread started: Thread Group 1-1
2021-05-03 02:07:23,108 INFO o.a.j.t.JMeterThread: Thread started: Thread Group 1-2
2021-05-03 02:07:23,109 INFO o.a.j.t.JMeterThread: Thread started: Thread Group 1-3
2021-05-03 02:07:23,110 INFO o.a.j.t.JMeterThread: Thread is done: Thread Group 1-2
2021-05-03 02:07:23,110 INFO o.a.j.t.JMeterThread: Thread is done: Thread Group 1-3
2021-05-03 02:07:23,110 INFO o.a.j.t.JMeterThread: Thread is done: Thread Group 1-1
2021-05-03 02:07:23,110 INFO o.a.j.t.JMeterThread: Thread finished: Thread Group 1-2
2021-05-03 02:07:23,110 INFO o.a.j.t.JMeterThread: Thread finished: Thread Group 1-1
2021-05-03 02:07:23,110 INFO o.a.j.t.JMeterThread: Thread finished: Thread Group 1-3
2021-05-03 02:07:23,111 INFO o.a.j.t.JMeterThread: Thread started: Thread Group 1-4
2021-05-03 02:07:23,111 INFO o.a.j.t.ThreadGroup: Started thread group number 1
2021-05-03 02:07:23,111 INFO o.a.j.e.StandardJMeterEngine: All thread groups have been started
2021-05-03 02:07:23,111 INFO o.a.j.t.JMeterThread: Thread started: Thread Group 1-5
2021-05-03 02:07:23,112 INFO o.a.j.t.JMeterThread: Thread is done: Thread Group 1-4
2021-05-03 02:07:23,112 INFO o.a.j.t.JMeterThread: Thread finished: Thread Group 1-4
2021-05-03 02:07:23,113 INFO o.a.j.t.JMeterThread: Thread is done: Thread Group 1-5
2021-05-03 02:07:23,113 INFO o.a.j.t.JMeterThread: Thread finished: Thread Group 1-5
2021-05-03 02:07:23,113 INFO o.a.j.e.StandardJMeterEngine: Notifying test listeners of end of test
2021-05-03 02:07:23,113 INFO o.a.j.g.u.JMeterMenuBar: setRunning(false, *local*)
2021-05-03 02:12:18,345 ERROR o.a.j.g.a.Save: Could not backup file! Backup directory does not exist, is not a directory or could not be created ! </opt/jmeter/backups>
2021-05-03 02:12:18,360 INFO o.a.j.e.StandardJMeterEngine: Running the test!
2021-05-03 02:12:18,361 INFO o.a.j.s.SampleEvent: List of sample_variables: []
2021-05-03 02:12:18,363 INFO o.a.j.g.u.JMeterMenuBar: setRunning(true, *local*)
2021-05-03 02:12:18,457 INFO o.a.j.e.StandardJMeterEngine: Starting ThreadGroup: 1 : Thread Group
2021-05-03 02:12:18,457 INFO o.a.j.e.StandardJMeterEngine: Starting 5 threads for group Thread Group.
2021-05-03 02:12:18,457 INFO o.a.j.e.StandardJMeterEngine: Thread will continue on error
2021-05-03 02:12:18,457 INFO o.a.j.t.ThreadGroup: Starting thread group... number=1 threads=5 ramp-up=0 delayedStart=false
2021-05-03 02:12:18,458 INFO o.a.j.t.JMeterThread: Thread started: Thread Group 1-1
2021-05-03 02:12:18,458 INFO o.a.j.t.JMeterThread: Thread started: Thread Group 1-2
2021-05-03 02:12:18,458 INFO o.a.j.t.JMeterThread: Thread started: Thread Group 1-3
2021-05-03 02:12:18,459 INFO o.a.j.t.ThreadGroup: Started thread group number 1
2021-05-03 02:12:18,459 INFO o.a.j.t.JMeterThread: Thread started: Thread Group 1-4
2021-05-03 02:12:18,459 INFO o.a.j.e.StandardJMeterEngine: All thread groups have been started
2021-05-03 02:12:18,459 INFO o.a.j.t.JMeterThread: Thread started: Thread Group 1-5
2021-05-03 02:12:18,467 INFO o.a.j.t.JMeterThread: Thread is done: Thread Group 1-1
2021-05-03 02:12:18,467 INFO o.a.j.t.JMeterThread: Thread is done: Thread Group 1-2
2021-05-03 02:12:18,467 INFO o.a.j.t.JMeterThread: Thread is done: Thread Group 1-4
2021-05-03 02:12:18,467 INFO o.a.j.t.JMeterThread: Thread is done: Thread Group 1-3
2021-05-03 02:12:18,467 INFO o.a.j.t.JMeterThread: Thread is done: Thread Group 1-5
2021-05-03 02:12:18,467 INFO o.a.j.t.JMeterThread: Thread finished: Thread Group 1-3
2021-05-03 02:12:18,467 INFO o.a.j.t.JMeterThread: Thread finished: Thread Group 1-2
2021-05-03 02:12:18,467 INFO o.a.j.t.JMeterThread: Thread finished: Thread Group 1-1
2021-05-03 02:12:18,467 INFO o.a.j.t.JMeterThread: Thread finished: Thread Group 1-4
2021-05-03 02:12:18,467 INFO o.a.j.t.JMeterThread: Thread finished: Thread Group 1-5
2021-05-03 02:12:18,467 INFO o.a.j.e.StandardJMeterEngine: Notifying test listeners of end of test
2021-05-03 02:12:18,467 INFO o.a.j.g.u.JMeterMenuBar: setRunning(false, *local*)
2021-05-03 02:13:08,828 ERROR o.a.j.g.a.Save: Could not backup file! Backup directory does not exist, is not a directory or could not be created ! </opt/jmeter/backups>
2021-05-03 02:13:08,840 INFO o.a.j.e.StandardJMeterEngine: Running the test!
2021-05-03 02:13:08,841 INFO o.a.j.s.SampleEvent: List of sample_variables: []
2021-05-03 02:13:08,843 INFO o.a.j.g.u.JMeterMenuBar: setRunning(true, *local*)
2021-05-03 02:13:08,938 INFO o.a.j.e.StandardJMeterEngine: Starting ThreadGroup: 1 : Thread Group
2021-05-03 02:13:08,939 INFO o.a.j.e.StandardJMeterEngine: Starting 5 threads for group Thread Group.
2021-05-03 02:13:08,939 INFO o.a.j.e.StandardJMeterEngine: Thread will continue on error
2021-05-03 02:13:08,939 INFO o.a.j.t.ThreadGroup: Starting thread group... number=1 threads=5 ramp-up=0 delayedStart=false
2021-05-03 02:13:08,939 INFO o.a.j.t.JMeterThread: Thread started: Thread Group 1-1
2021-05-03 02:13:08,939 INFO o.a.j.t.JMeterThread: Thread started: Thread Group 1-2
2021-05-03 02:13:08,940 INFO o.a.j.t.ThreadGroup: Started thread group number 1
2021-05-03 02:13:08,940 INFO o.a.j.t.JMeterThread: Thread started: Thread Group 1-4
2021-05-03 02:13:08,940 INFO o.a.j.e.StandardJMeterEngine: All thread groups have been started
2021-05-03 02:13:08,940 INFO o.a.j.t.JMeterThread: Thread started: Thread Group 1-5
2021-05-03 02:13:08,940 INFO o.a.j.t.JMeterThread: Thread started: Thread Group 1-3
2021-05-03 02:13:08,950 INFO o.a.j.t.JMeterThread: Thread is done: Thread Group 1-3
2021-05-03 02:13:08,950 INFO o.a.j.t.JMeterThread: Thread is done: Thread Group 1-1
2021-05-03 02:13:08,950 INFO o.a.j.t.JMeterThread: Thread is done: Thread Group 1-4
2021-05-03 02:13:08,950 INFO o.a.j.t.JMeterThread: Thread is done: Thread Group 1-5
2021-05-03 02:13:08,950 INFO o.a.j.t.JMeterThread: Thread finished: Thread Group 1-4
2021-05-03 02:13:08,950 INFO o.a.j.t.JMeterThread: Thread is done: Thread Group 1-2
2021-05-03 02:13:08,950 INFO o.a.j.t.JMeterThread: Thread finished: Thread Group 1-3
2021-05-03 02:13:08,950 INFO o.a.j.t.JMeterThread: Thread finished: Thread Group 1-1
2021-05-03 02:13:08,950 INFO o.a.j.t.JMeterThread: Thread finished: Thread Group 1-5
2021-05-03 02:13:08,950 INFO o.a.j.t.JMeterThread: Thread finished: Thread Group 1-2
2021-05-03 02:13:08,950 INFO o.a.j.e.StandardJMeterEngine: Notifying test listeners of end of test
2021-05-03 02:13:08,951 INFO o.a.j.g.u.JMeterMenuBar: setRunning(false, *local*)
2021-05-03 02:13:22,969 INFO o.a.j.e.StandardJMeterEngine: Running the test!
2021-05-03 02:13:22,971 INFO o.a.j.s.SampleEvent: List of sample_variables: []
2021-05-03 02:13:22,972 INFO o.a.j.g.u.JMeterMenuBar: setRunning(true, *local*)
2021-05-03 02:13:23,071 INFO o.a.j.e.StandardJMeterEngine: Starting ThreadGroup: 1 : Thread Group
2021-05-03 02:13:23,071 INFO o.a.j.e.StandardJMeterEngine: Starting 5 threads for group Thread Group.
2021-05-03 02:13:23,071 INFO o.a.j.e.StandardJMeterEngine: Thread will continue on error
2021-05-03 02:13:23,071 INFO o.a.j.t.ThreadGroup: Starting thread group... number=1 threads=5 ramp-up=0 delayedStart=false
2021-05-03 02:13:23,072 INFO o.a.j.t.JMeterThread: Thread started: Thread Group 1-1
2021-05-03 02:13:23,072 INFO o.a.j.t.JMeterThread: Thread started: Thread Group 1-2
2021-05-03 02:13:23,072 INFO o.a.j.t.JMeterThread: Thread started: Thread Group 1-3
2021-05-03 02:13:23,072 INFO o.a.j.t.ThreadGroup: Started thread group number 1
2021-05-03 02:13:23,072 INFO o.a.j.t.JMeterThread: Thread started: Thread Group 1-4
2021-05-03 02:13:23,072 INFO o.a.j.e.StandardJMeterEngine: All thread groups have been started
2021-05-03 02:13:23,072 INFO o.a.j.t.JMeterThread: Thread started: Thread Group 1-5
2021-05-03 02:13:23,082 INFO o.a.j.t.JMeterThread: Thread is done: Thread Group 1-4
2021-05-03 02:13:23,082 INFO o.a.j.t.JMeterThread: Thread is done: Thread Group 1-2
2021-05-03 02:13:23,082 INFO o.a.j.t.JMeterThread: Thread is done: Thread Group 1-1
2021-05-03 02:13:23,082 INFO o.a.j.t.JMeterThread: Thread is done: Thread Group 1-5
2021-05-03 02:13:23,082 INFO o.a.j.t.JMeterThread: Thread is done: Thread Group 1-3
2021-05-03 02:13:23,082 INFO o.a.j.t.JMeterThread: Thread finished: Thread Group 1-2
2021-05-03 02:13:23,082 INFO o.a.j.t.JMeterThread: Thread finished: Thread Group 1-4
2021-05-03 02:13:23,082 INFO o.a.j.t.JMeterThread: Thread finished: Thread Group 1-5
2021-05-03 02:13:23,082 INFO o.a.j.t.JMeterThread: Thread finished: Thread Group 1-3
2021-05-03 02:13:23,082 INFO o.a.j.t.JMeterThread: Thread finished: Thread Group 1-1
2021-05-03 02:13:23,082 INFO o.a.j.e.StandardJMeterEngine: Notifying test listeners of end of test
2021-05-03 02:13:23,082 INFO o.a.j.g.u.JMeterMenuBar: setRunning(false, *local*)
2021-05-03 02:13:45,997 ERROR o.a.j.g.a.Save: Could not backup file! Backup directory does not exist, is not a directory or could not be created ! </opt/jmeter/backups>
2021-05-03 02:13:50,864 INFO o.a.j.e.StandardJMeterEngine: Running the test!
2021-05-03 02:13:50,866 INFO o.a.j.s.SampleEvent: List of sample_variables: []
2021-05-03 02:13:50,868 INFO o.a.j.g.u.JMeterMenuBar: setRunning(true, *local*)
2021-05-03 02:13:50,961 INFO o.a.j.e.StandardJMeterEngine: Starting ThreadGroup: 1 : Thread Group
2021-05-03 02:13:50,961 INFO o.a.j.e.StandardJMeterEngine: Starting 5 threads for group Thread Group.
2021-05-03 02:13:50,962 INFO o.a.j.e.StandardJMeterEngine: Thread will continue on error
2021-05-03 02:13:50,962 INFO o.a.j.t.ThreadGroup: Starting thread group... number=1 threads=5 ramp-up=0 delayedStart=false
2021-05-03 02:13:50,962 INFO o.a.j.t.JMeterThread: Thread started: Thread Group 1-1
2021-05-03 02:13:50,963 INFO o.a.j.t.JMeterThread: Thread started: Thread Group 1-2
2021-05-03 02:13:50,964 INFO o.a.j.t.JMeterThread: Thread started: Thread Group 1-3
2021-05-03 02:13:50,965 INFO o.a.j.t.JMeterThread: Thread started: Thread Group 1-4
2021-05-03 02:13:50,966 INFO o.a.j.t.ThreadGroup: Started thread group number 1
2021-05-03 02:13:50,966 INFO o.a.j.e.StandardJMeterEngine: All thread groups have been started
2021-05-03 02:13:50,966 INFO o.a.j.t.JMeterThread: Thread started: Thread Group 1-5
2021-05-03 02:13:50,972 INFO o.a.j.t.JMeterThread: Thread is done: Thread Group 1-3
2021-05-03 02:13:50,972 INFO o.a.j.t.JMeterThread: Thread is done: Thread Group 1-4
2021-05-03 02:13:50,972 INFO o.a.j.t.JMeterThread: Thread is done: Thread Group 1-1
2021-05-03 02:13:50,972 INFO o.a.j.t.JMeterThread: Thread is done: Thread Group 1-2
2021-05-03 02:13:50,972 INFO o.a.j.t.JMeterThread: Thread finished: Thread Group 1-3
2021-05-03 02:13:50,972 INFO o.a.j.t.JMeterThread: Thread finished: Thread Group 1-1
2021-05-03 02:13:50,972 INFO o.a.j.t.JMeterThread: Thread finished: Thread Group 1-2
2021-05-03 02:13:50,972 INFO o.a.j.t.JMeterThread: Thread finished: Thread Group 1-4
2021-05-03 02:13:50,972 INFO o.a.j.t.JMeterThread: Thread is done: Thread Group 1-5
2021-05-03 02:13:50,972 INFO o.a.j.t.JMeterThread: Thread finished: Thread Group 1-5
2021-05-03 02:13:50,972 INFO o.a.j.e.StandardJMeterEngine: Notifying test listeners of end of test
2021-05-03 02:13:50,972 INFO o.a.j.g.u.JMeterMenuBar: setRunning(false, *local*)
2021-05-03 02:14:01,264 ERROR o.a.j.g.a.Save: Could not backup file! Backup directory does not exist, is not a directory or could not be created ! </opt/jmeter/backups>
2021-05-03 02:14:03,374 INFO o.a.j.e.StandardJMeterEngine: Running the test!
2021-05-03 02:14:03,375 INFO o.a.j.s.SampleEvent: List of sample_variables: []
2021-05-03 02:14:03,376 INFO o.a.j.g.u.JMeterMenuBar: setRunning(true, *local*)
2021-05-03 02:14:03,476 INFO o.a.j.e.StandardJMeterEngine: Starting ThreadGroup: 1 : Thread Group
2021-05-03 02:14:03,476 INFO o.a.j.e.StandardJMeterEngine: Starting 5 threads for group Thread Group.
2021-05-03 02:14:03,476 INFO o.a.j.e.StandardJMeterEngine: Thread will continue on error
2021-05-03 02:14:03,476 INFO o.a.j.t.ThreadGroup: Starting thread group... number=1 threads=5 ramp-up=0 delayedStart=false
2021-05-03 02:14:03,477 INFO o.a.j.t.JMeterThread: Thread started: Thread Group 1-1
2021-05-03 02:14:03,477 INFO o.a.j.t.JMeterThread: Thread started: Thread Group 1-2
2021-05-03 02:14:03,477 INFO o.a.j.t.JMeterThread: Thread started: Thread Group 1-3
2021-05-03 02:14:03,477 INFO o.a.j.t.ThreadGroup: Started thread group number 1
2021-05-03 02:14:03,477 INFO o.a.j.t.JMeterThread: Thread started: Thread Group 1-4
2021-05-03 02:14:03,477 INFO o.a.j.e.StandardJMeterEngine: All thread groups have been started
2021-05-03 02:14:03,477 INFO o.a.j.t.JMeterThread: Thread started: Thread Group 1-5
2021-05-03 02:14:03,479 INFO o.a.j.t.JMeterThread: Thread is done: Thread Group 1-1
2021-05-03 02:14:03,479 INFO o.a.j.t.JMeterThread: Thread is done: Thread Group 1-2
2021-05-03 02:14:03,479 INFO o.a.j.t.JMeterThread: Thread is done: Thread Group 1-4
2021-05-03 02:14:03,479 INFO o.a.j.t.JMeterThread: Thread finished: Thread Group 1-1
2021-05-03 02:14:03,479 INFO o.a.j.t.JMeterThread: Thread finished: Thread Group 1-2
2021-05-03 02:14:03,479 INFO o.a.j.t.JMeterThread: Thread finished: Thread Group 1-4
2021-05-03 02:14:03,480 INFO o.a.j.t.JMeterThread: Thread is done: Thread Group 1-5
2021-05-03 02:14:03,480 INFO o.a.j.t.JMeterThread: Thread finished: Thread Group 1-5
2021-05-03 02:14:03,480 INFO o.a.j.t.JMeterThread: Thread is done: Thread Group 1-3
2021-05-03 02:14:03,480 INFO o.a.j.t.JMeterThread: Thread finished: Thread Group 1-3
2021-05-03 02:14:03,481 INFO o.a.j.e.StandardJMeterEngine: Notifying test listeners of end of test
2021-05-03 02:14:03,481 INFO o.a.j.g.u.JMeterMenuBar: setRunning(false, *local*)
